Log file open, 06/08/17 22:29:21
LogInit:Display: Running engine for game: MachuPicchu
LogPlatformFile: Not using cached read wrapper
LogInit:Display: RandInit(-291547376) SRandInit(-291547376).
LogTaskGraph: Started task graph with 5 named threads and 8 total threads with 1 sets of task threads.
LogStats: Stats thread started at 0.070860
LogPluginManager: Loaded Plugin Paper2D, From C:/Program Files/Epic Games/UE_4.14/Engine/Plugins/2D/Paper2D/Paper2D.uplugin
LogPluginManager: Loaded Plugin LightPropagationVolume, From C:/Program Files/Epic Games/UE_4.14/Engine/Plugins/Blendables/LightPropagationVolume/LightPropagationVolume.uplugin
LogPluginManager: Loaded Plugin BlankPlugin, From C:/Program Files/Epic Games/UE_4.14/Engine/Plugins/Developer/BlankPlugin/BlankPlugin.uplugin
LogPluginManager: Loaded Plugin CodeLiteSourceCodeAccess, From C:/Program Files/Epic Games/UE_4.14/Engine/Plugins/Developer/CodeLiteSourceCodeAccess/CodeLiteSourceCodeAccess.uplugin
LogPluginManager: Loaded Plugin GitSourceControl, From C:/Program Files/Epic Games/UE_4.14/Engine/Plugins/Developer/GitSourceControl/GitSourceControl.uplugin
LogPluginManager: Loaded Plugin KDevelopSourceCodeAccess, From C:/Program Files/Epic Games/UE_4.14/Engine/Plugins/Developer/KDevelopSourceCodeAccess/KDevelopSourceCodeAccess.uplugin
LogPluginManager: Loaded Plugin NullSourceCodeAccess, From C:/Program Files/Epic Games/UE_4.14/Engine/Plugins/Developer/NullSourceCodeAccess/NullSourceCodeAccess.uplugin
LogPluginManager: Loaded Plugin OneSkyLocalizationService, From C:/Program Files/Epic Games/UE_4.14/Engine/Plugins/Developer/OneSkyLocalizationService/OneSkyLocalizationService.uplugin
LogPluginManager: Loaded Plugin PerforceSourceControl, From C:/Program Files/Epic Games/UE_4.14/Engine/Plugins/Developer/PerforceSourceControl/PerforceSourceControl.uplugin
LogPluginManager: Loaded Plugin SubversionSourceControl, From C:/Program Files/Epic Games/UE_4.14/Engine/Plugins/Developer/SubversionSourceControl/SubversionSourceControl.uplugin
LogPluginManager: Loaded Plugin UObjectPlugin, From C:/Program Files/Epic Games/UE_4.14/Engine/Plugins/Developer/UObjectPlugin/UObjectPlugin.uplugin
LogPluginManager: Loaded Plugin VisualStudioSourceCodeAccess, From C:/Program Files/Epic Games/UE_4.14/Engine/Plugins/Developer/VisualStudioSourceCodeAccess/VisualStudioSourceCodeAccess.uplugin
LogPluginManager: Loaded Plugin XCodeSourceCodeAccess, From C:/Program Files/Epic Games/UE_4.14/Engine/Plugins/Developer/XCodeSourceCodeAccess/XCodeSourceCodeAccess.uplugin
LogPluginManager: Loaded Plugin AudioCapture, From C:/Program Files/Epic Games/UE_4.14/Engine/Plugins/Editor/AudioCapture/AudioCapture.uplugin
LogPluginManager: Loaded Plugin EpicSurvey, From C:/Program Files/Epic Games/UE_4.14/Engine/Plugins/Editor/EpicSurvey/EpicSurvey.uplugin
LogPluginManager: Loaded Plugin MacGraphicsSwitching, From C:/Program Files/Epic Games/UE_4.14/Engine/Plugins/Editor/MacGraphicsSwitching/MacGraphicsSwitching.uplugin
LogPluginManager: Loaded Plugin MobileLauncherProfileWizard, From C:/Program Files/Epic Games/UE_4.14/Engine/Plugins/Editor/MobileLauncherProfileWizard/MobileLauncherProfileWizard.uplugin
LogPluginManager: Loaded Plugin PluginBrowser, From C:/Program Files/Epic Games/UE_4.14/Engine/Plugins/Editor/PluginBrowser/PluginBrowser.uplugin
LogPluginManager: Loaded Plugin SpeedTreeImporter, From C:/Program Files/Epic Games/UE_4.14/Engine/Plugins/Editor/SpeedTreeImporter/SpeedTreeImporter.uplugin
LogPluginManager: Loaded Plugin SuperSearchEditor, From C:/Program Files/Epic Games/UE_4.14/Engine/Plugins/Editor/SuperSearchEditor/SuperSearchEditor.uplugin
LogPluginManager: Loaded Plugin AlembicImporter, From C:/Program Files/Epic Games/UE_4.14/Engine/Plugins/Experimental/AlembicImporter/AlembicImporter.uplugin
LogPluginManager: Loaded Plugin BlueprintStats, From C:/Program Files/Epic Games/UE_4.14/Engine/Plugins/Experimental/BlueprintStats/BlueprintStats.uplugin
LogPluginManager: Loaded Plugin CharacterAI, From C:/Program Files/Epic Games/UE_4.14/Engine/Plugins/Experimental/CharacterAI/CharacterAI.uplugin
LogPluginManager: Loaded Plugin CodeEditor, From C:/Program Files/Epic Games/UE_4.14/Engine/Plugins/Experimental/CodeEditor/CodeEditor.uplugin
LogPluginManager: Loaded Plugin CodeView, From C:/Program Files/Epic Games/UE_4.14/Engine/Plugins/Experimental/CodeView/CodeView.uplugin
LogPluginManager: Loaded Plugin HTML5Networking, From C:/Program Files/Epic Games/UE_4.14/Engine/Plugins/Experimental/HTML5Networking/HTML5Networking.uplugin
LogPluginManager: Loaded Plugin OSVR, From C:/Program Files/Epic Games/UE_4.14/Engine/Plugins/Experimental/OSVR/OSVR.uplugin
LogPluginManager: Loaded Plugin Phya, From C:/Program Files/Epic Games/UE_4.14/Engine/Plugins/Experimental/Phya/Phya.uplugin
LogPluginManager: Loaded Plugin SignificanceManager, From C:/Program Files/Epic Games/UE_4.14/Engine/Plugins/Experimental/SignificanceManager/SignificanceManager.uplugin
LogPluginManager: Loaded Plugin SimpleHMD, From C:/Program Files/Epic Games/UE_4.14/Engine/Plugins/Experimental/SimpleHMD/SimpleHMD.uplugin
LogPluginManager: Loaded Plugin StereoPanorama, From C:/Program Files/Epic Games/UE_4.14/Engine/Plugins/Experimental/StereoPanorama/StereoPanorama.uplugin
LogPluginManager: Loaded Plugin StructBox, From C:/Program Files/Epic Games/UE_4.14/Engine/Plugins/Experimental/StructBox/StructBox.uplugin
LogPluginManager: Loaded Plugin AndroidMedia, From C:/Program Files/Epic Games/UE_4.14/Engine/Plugins/Media/AndroidMedia/AndroidMedia.uplugin
LogPluginManager: Loaded Plugin AvfMedia, From C:/Program Files/Epic Games/UE_4.14/Engine/Plugins/Media/AvfMedia/AvfMedia.uplugin
LogPluginManager: Loaded Plugin MediaPlayerEditor, From C:/Program Files/Epic Games/UE_4.14/Engine/Plugins/Media/MediaPlayerEditor/MediaPlayerEditor.uplugin
LogPluginManager: Loaded Plugin WmfMedia, From C:/Program Files/Epic Games/UE_4.14/Engine/Plugins/Media/WmfMedia/WmfMedia.uplugin
LogPluginManager: Loaded Plugin MessagingDebugger, From C:/Program Files/Epic Games/UE_4.14/Engine/Plugins/Messaging/MessagingDebugger/MessagingDebugger.uplugin
LogPluginManager: Loaded Plugin TcpMessaging, From C:/Program Files/Epic Games/UE_4.14/Engine/Plugins/Messaging/TcpMessaging/TcpMessaging.uplugin
LogPluginManager: Loaded Plugin UdpMessaging, From C:/Program Files/Epic Games/UE_4.14/Engine/Plugins/Messaging/UdpMessaging/UdpMessaging.uplugin
LogPluginManager: Loaded Plugin LevelSequenceEditor, From C:/Program Files/Epic Games/UE_4.14/Engine/Plugins/MovieScene/LevelSequenceEditor/LevelSequenceEditor.uplugin
LogPluginManager: Loaded Plugin MatineeToLevelSequence, From C:/Program Files/Epic Games/UE_4.14/Engine/Plugins/MovieScene/MatineeToLevelSequence/MatineeToLevelSequence.uplugin
LogPluginManager: Loaded Plugin NetcodeUnitTest, From C:/Program Files/Epic Games/UE_4.14/Engine/Plugins/NetcodeUnitTest/NetcodeUnitTest/NetcodeUnitTest.uplugin
LogPluginManager: Loaded Plugin NUTUnrealEngine4, From C:/Program Files/Epic Games/UE_4.14/Engine/Plugins/NetcodeUnitTest/NUTUnrealEngine4/NUTUnrealEngine4.uplugin
LogPluginManager: Loaded Plugin OnlineSubsystemGameCircle, From C:/Program Files/Epic Games/UE_4.14/Engine/Plugins/Online/Android/OnlineSubsystemGameCircle/OnlineSubsystemGameCircle.uplugin
LogPluginManager: Loaded Plugin OnlineSubsystemGooglePlay, From C:/Program Files/Epic Games/UE_4.14/Engine/Plugins/Online/Android/OnlineSubsystemGooglePlay/OnlineSubsystemGooglePlay.uplugin
LogPluginManager: Loaded Plugin OnlineSubsystemIOS, From C:/Program Files/Epic Games/UE_4.14/Engine/Plugins/Online/IOS/OnlineSubsystemIOS/OnlineSubsystemIOS.uplugin
LogPluginManager: Loaded Plugin OnlineFramework, From C:/Program Files/Epic Games/UE_4.14/Engine/Plugins/Online/OnlineFramework/OnlineFramework.uplugin
LogPluginManager: Loaded Plugin OnlineSubsystem, From C:/Program Files/Epic Games/UE_4.14/Engine/Plugins/Online/OnlineSubsystem/OnlineSubsystem.uplugin
LogPluginManager: Loaded Plugin OnlineSubsystemAmazon, From C:/Program Files/Epic Games/UE_4.14/Engine/Plugins/Online/OnlineSubsystemAmazon/OnlineSubsystemAmazon.uplugin
LogPluginManager: Loaded Plugin OnlineSubsystemFacebook, From C:/Program Files/Epic Games/UE_4.14/Engine/Plugins/Online/OnlineSubsystemFacebook/OnlineSubsystemFacebook.uplugin
LogPluginManager: Loaded Plugin OnlineSubsystemNull, From C:/Program Files/Epic Games/UE_4.14/Engine/Plugins/Online/OnlineSubsystemNull/OnlineSubsystemNull.uplugin
LogPluginManager: Loaded Plugin OnlineSubsystemOculus, From C:/Program Files/Epic Games/UE_4.14/Engine/Plugins/Online/OnlineSubsystemOculus/OnlineSubsystemOculus.uplugin
LogPluginManager: Loaded Plugin OnlineSubsystemSteam, From C:/Program Files/Epic Games/UE_4.14/Engine/Plugins/Online/OnlineSubsystemSteam/OnlineSubsystemSteam.uplugin
LogPluginManager: Loaded Plugin OnlineSubsystemUtils, From C:/Program Files/Epic Games/UE_4.14/Engine/Plugins/Online/OnlineSubsystemUtils/OnlineSubsystemUtils.uplugin
LogPluginManager: Loaded Plugin IOSTapJoy, From C:/Program Files/Epic Games/UE_4.14/Engine/Plugins/Runtime/Advertising/IOSTapJoy/IOSTapJoy.uplugin
LogPluginManager: Loaded Plugin AnalyticsBlueprintLibrary, From C:/Program Files/Epic Games/UE_4.14/Engine/Plugins/Runtime/Analytics/AnalyticsBlueprintLibrary/AnalyticsBlueprintLibrary.uplugin
LogPluginManager: Loaded Plugin AnalyticsMulticast, From C:/Program Files/Epic Games/UE_4.14/Engine/Plugins/Runtime/Analytics/AnalyticsMulticast/AnalyticsMulticast.uplugin
LogPluginManager: Loaded Plugin Apsalar, From C:/Program Files/Epic Games/UE_4.14/Engine/Plugins/Runtime/Analytics/Apsalar/Apsalar.uplugin
LogPluginManager: Loaded Plugin FileLogging, From C:/Program Files/Epic Games/UE_4.14/Engine/Plugins/Runtime/Analytics/FileLogging/FileLogging.uplugin
LogPluginManager: Loaded Plugin Flurry, From C:/Program Files/Epic Games/UE_4.14/Engine/Plugins/Runtime/Analytics/Flurry/Flurry.uplugin
LogPluginManager: Loaded Plugin AndroidDeviceProfileSelector, From C:/Program Files/Epic Games/UE_4.14/Engine/Plugins/Runtime/AndroidDeviceProfileSelector/AndroidDeviceProfileSelector.uplugin
LogPluginManager: Loaded Plugin AndroidMoviePlayer, From C:/Program Files/Epic Games/UE_4.14/Engine/Plugins/Runtime/AndroidMoviePlayer/AndroidMoviePlayer.uplugin
LogPluginManager: Loaded Plugin AppleMoviePlayer, From C:/Program Files/Epic Games/UE_4.14/Engine/Plugins/Runtime/AppleMoviePlayer/AppleMoviePlayer.uplugin
LogPluginManager: Loaded Plugin ArchVisCharacter, From C:/Program Files/Epic Games/UE_4.14/Engine/Plugins/Runtime/ArchVisCharacter/ArchVisCharacter.uplugin
LogPluginManager: Loaded Plugin CableComponent, From C:/Program Files/Epic Games/UE_4.14/Engine/Plugins/Runtime/CableComponent/CableComponent.uplugin
LogPluginManager: Loaded Plugin CustomMeshComponent, From C:/Program Files/Epic Games/UE_4.14/Engine/Plugins/Runtime/CustomMeshComponent/CustomMeshComponent.uplugin
LogPluginManager: Loaded Plugin ExampleDeviceProfileSelector, From C:/Program Files/Epic Games/UE_4.14/Engine/Plugins/Runtime/ExampleDeviceProfileSelector/ExampleDeviceProfileSelector.uplugin
LogPluginManager: Loaded Plugin GearVR, From C:/Program Files/Epic Games/UE_4.14/Engine/Plugins/Runtime/GearVR/GearVR.uplugin
LogPluginManager: Loaded Plugin GoogleVRController, From C:/Program Files/Epic Games/UE_4.14/Engine/Plugins/Runtime/GoogleVR/GoogleVRController/GoogleVRController.uplugin
LogPluginManager: Loaded Plugin GoogleVRHMD, From C:/Program Files/Epic Games/UE_4.14/Engine/Plugins/Runtime/GoogleVR/GoogleVRHMD/GoogleVRHMD.uplugin
LogPluginManager: Loaded Plugin IOSDeviceProfileSelector, From C:/Program Files/Epic Games/UE_4.14/Engine/Plugins/Runtime/IOSDeviceProfileSelector/IOSDeviceProfileSelector.uplugin
LogPluginManager: Loaded Plugin LeapMotion, From C:/Program Files/Epic Games/UE_4.14/Engine/Plugins/Runtime/LeapMotion/LeapMotion.uplugin
LogPluginManager: Loaded Plugin LinuxDeviceProfileSelector, From C:/Program Files/Epic Games/UE_4.14/Engine/Plugins/Runtime/LinuxDeviceProfileSelector/LinuxDeviceProfileSelector.uplugin
LogPluginManager: Loaded Plugin MIDIDevice, From C:/Program Files/Epic Games/UE_4.14/Engine/Plugins/Runtime/MIDIDevice/MIDIDevice.uplugin
LogPluginManager: Loaded Plugin MobilePatchingUtils, From C:/Program Files/Epic Games/UE_4.14/Engine/Plugins/Runtime/MobilePatchingUtils/MobilePatchingUtils.uplugin
LogPluginManager: Loaded Plugin Ansel, From C:/Program Files/Epic Games/UE_4.14/Engine/Plugins/Runtime/Nvidia/Ansel/Ansel.uplugin
LogPluginManager: Loaded Plugin OculusAudio, From C:/Program Files/Epic Games/UE_4.14/Engine/Plugins/Runtime/OculusAudio/OculusAudio.uplugin
LogPluginManager: Loaded Plugin OculusInput, From C:/Program Files/Epic Games/UE_4.14/Engine/Plugins/Runtime/OculusInput/OculusInput.uplugin
LogPluginManager: Loaded Plugin OculusLibrary, From C:/Program Files/Epic Games/UE_4.14/Engine/Plugins/Runtime/OculusLibrary/OculusLibrary.uplugin
LogPluginManager: Loaded Plugin OculusRift, From C:/Program Files/Epic Games/UE_4.14/Engine/Plugins/Runtime/OculusRift/OculusRift.uplugin
LogPluginManager: Loaded Plugin Oodle, From C:/Program Files/Epic Games/UE_4.14/Engine/Plugins/Runtime/PacketHandlers/CompressionComponents/Oodle/Oodle.uplugin
LogPluginManager: Loaded Plugin ProceduralMeshComponent, From C:/Program Files/Epic Games/UE_4.14/Engine/Plugins/Runtime/ProceduralMeshComponent/ProceduralMeshComponent.uplugin
LogPluginManager: Loaded Plugin SoundMod, From C:/Program Files/Epic Games/UE_4.14/Engine/Plugins/Runtime/SoundMod/SoundMod.uplugin
LogPluginManager: Loaded Plugin SoundVisualizations, From C:/Program Files/Epic Games/UE_4.14/Engine/Plugins/Runtime/SoundVisualizations/SoundVisualizations.uplugin
LogPluginManager: Loaded Plugin SteamController, From C:/Program Files/Epic Games/UE_4.14/Engine/Plugins/Runtime/Steam/SteamController/SteamController.uplugin
LogPluginManager: Loaded Plugin SteamVR, From C:/Program Files/Epic Games/UE_4.14/Engine/Plugins/Runtime/Steam/SteamVR/SteamVR.uplugin
LogPluginManager: Loaded Plugin WebBrowserWidget, From C:/Program Files/Epic Games/UE_4.14/Engine/Plugins/Runtime/WebBrowserWidget/WebBrowserWidget.uplugin
LogPluginManager: Loaded Plugin WindowsDeviceProfileSelector, From C:/Program Files/Epic Games/UE_4.14/Engine/Plugins/Runtime/WindowsDeviceProfileSelector/WindowsDeviceProfileSelector.uplugin
LogPluginManager: Loaded Plugin WindowsMoviePlayer, From C:/Program Files/Epic Games/UE_4.14/Engine/Plugins/Runtime/WindowsMoviePlayer/WindowsMoviePlayer.uplugin
LogPluginManager: Loaded Plugin ScriptPlugin, From C:/Program Files/Epic Games/UE_4.14/Engine/Plugins/ScriptPlugin/ScriptPlugin.uplugin
LogPluginManager: Loaded Plugin SlateRemote, From C:/Program Files/Epic Games/UE_4.14/Engine/Plugins/Slate/SlateRemote/SlateRemote.uplugin
LogPluginManager: Loaded Plugin EditorTests, From C:/Program Files/Epic Games/UE_4.14/Engine/Plugins/Tests/EditorTests/EditorTests.uplugin
LogPluginManager: Loaded Plugin FbxAutomationTestBuilder, From C:/Program Files/Epic Games/UE_4.14/Engine/Plugins/Tests/FbxAutomationTestBuilder/FbxAutomationTestBuilder.uplugin
LogPluginManager: Loaded Plugin FunctionalTestingEditor, From C:/Program Files/Epic Games/UE_4.14/Engine/Plugins/Tests/FunctionalTestingEditor/FunctionalTestingEditor.uplugin
LogPluginManager: Loaded Plugin RuntimeTests, From C:/Program Files/Epic Games/UE_4.14/Engine/Plugins/Tests/RuntimeTests/RuntimeTests.uplugin
LogPluginManager: Loaded Plugin ScreenshotTools, From C:/Program Files/Epic Games/UE_4.14/Engine/Plugins/Tests/ScreenshotTools/ScreenshotTools.uplugin
LogInit: Using libcurl 7.47.1
LogInit:  - built for x86_64-pc-win32
LogInit:  - supports SSL with OpenSSL/1.0.2g
LogInit:  - supports HTTP deflate (compression) using libz 1.2.8
LogInit:  - other features:
LogInit:      CURL_VERSION_SSL
LogInit:      CURL_VERSION_LIBZ
LogInit:      CURL_VERSION_IPV6
LogInit:      CURL_VERSION_ASYNCHDNS
LogInit:      CURL_VERSION_LARGEFILE
LogInit:      CURL_VERSION_IDN
LogInit:  CurlRequestOptions (configurable via config and command line):
LogInit:  - bVerifyPeer = false  - Libcurl will NOT verify peer certificate
LogInit:  - bUseHttpProxy = false  - Libcurl will NOT use HTTP proxy
LogInit:  - bDontReuseConnections = false  - Libcurl will reuse connections
LogInit:  - CertBundlePath = nullptr  - Libcurl will use whatever was configured at build time.
LogInit: Build: ++UE4+Release-4.14-CL-3249277
LogInit: Engine Version: 4.14.3-3249277+++UE4+Release-4.14
LogInit: Compatible Engine Version: 4.14.0-3195953+++UE4+Release-4.14
LogInit: Net CL: 3195953
LogDevObjectVersion: Number of dev versions registered: 13
LogDevObjectVersion:   Dev-Blueprints (B0D832E4-1F89-4F0D-ACCF-7EB736FD4AA2): 7
LogDevObjectVersion:   Dev-Build (E1C64328-A22C-4D53-A36C-8E866417BD8C): 0
LogDevObjectVersion:   Dev-Core (375EC13C-06E4-48FB-B500-84F0262A717E): 1
LogDevObjectVersion:   Dev-Editor (E4B068ED-F494-42E9-A231-DA0B2E46BB41): 8
LogDevObjectVersion:   Dev-Framework (CFFC743F-43B0-4480-9391-14DF171D2073): 17
LogDevObjectVersion:   Dev-Mobile (B02B49B5-BB20-44E9-A304-32B752E40360): 0
LogDevObjectVersion:   Dev-Networking (A4E4105C-59A1-49B5-A7C5-40C4547EDFEE): 0
LogDevObjectVersion:   Dev-Online (39C831C9-5AE6-47DC-9A44-9C173E1C8E7C): 0
LogDevObjectVersion:   Dev-Physics (78F01B33-EBEA-4F98-B9B4-84EACCB95AA2): 0
LogDevObjectVersion:   Dev-Platform (6631380F-2D4D-43E0-8009-CF276956A95A): 0
LogDevObjectVersion:   Dev-Rendering (12F88B9F-8875-4AFC-A67C-D90C383ABD29): 12
LogDevObjectVersion:   Dev-Sequencer (7B5AE74C-D270-4C10-A958-57980B212A5A): 1
LogDevObjectVersion:   Dev-VR (D7296918-1DD6-4BDD-9DE2-64A83CC13884): 0
LogInit: Compiled (64-bit): Jan  6 2017 10:49:43
LogInit: Compiled with Visual C++: 19.00.23026.00
LogInit: Build Configuration: Development
LogInit: Branch Name: ++UE4+Release-4.14
LogInit: Command line:  
LogInit: Base directory: C:/Program Files/Epic Games/UE_4.14/Engine/Binaries/Win64/
LogInit: Installed Engine Build: 1
LogInit: Presizing for max 8388607 objects, including 0 objects not considered by GC, pre-allocating 0 bytes for permanent pool.
LogInit: Object subsystem initialized
[2017.06.08-20.29.21:506][  0]LogInit: Selected Device Profile: [Windows]
[2017.06.08-20.29.21:506][  0]LogInit: Applying CVar settings loaded from the selected device profile: [Windows]
[2017.06.08-20.29.21:513][  0]LogInit: Computer: MR-P
[2017.06.08-20.29.21:513][  0]LogInit: User: pierre
[2017.06.08-20.29.21:513][  0]LogInit: CPU Page size=65536, Cores=4
[2017.06.08-20.29.21:513][  0]LogInit: High frequency timer resolution =3.117802 MHz
[2017.06.08-20.29.21:513][  0]LogMemory: Memory total: Physical=15.9GB (16GB approx)
[2017.06.08-20.29.21:513][  0]LogMemory: Platform Memory Stats for Windows
[2017.06.08-20.29.21:513][  0]LogMemory: Process Physical Memory: 263.89 MB used, 263.89 MB peak
[2017.06.08-20.29.21:513][  0]LogMemory: Process Virtual Memory: 263.23 MB used, 263.23 MB peak
[2017.06.08-20.29.21:513][  0]LogMemory: Physical Memory: 6975.00 MB used,  9346.89 MB free, 16321.89 MB total
[2017.06.08-20.29.21:513][  0]LogMemory: Virtual Memory: 653.11 MB used,  9346.89 MB free, 8388608.00 MB total
[2017.06.08-20.29.21:541][  0]LogTextLocalizationManager: No translations for ('fr-FR') exist, falling back to 'en' for localization and internationalization data.
[2017.06.08-20.29.22:101][  0]LogD3D11RHI: D3D11 adapters:
[2017.06.08-20.29.22:114][  0]LogD3D11RHI:    0. 'NVIDIA GeForce GTX 970' (Feature Level 11_0)
[2017.06.08-20.29.22:114][  0]LogD3D11RHI:       4007/0/7904 MB DedicatedVideo/DedicatedSystem/SharedSystem, Outputs:1, VendorId:0x10de
[2017.06.08-20.29.22:114][  0]LogD3D11RHI: Chosen D3D11 Adapter: 0
[2017.06.08-20.29.22:119][  0]LogD3D11RHI: Creating new Direct3DDevice
[2017.06.08-20.29.22:119][  0]LogD3D11RHI:     GPU DeviceId: 0x13c2 (for the marketing name, search the web for "GPU Device Id")
[2017.06.08-20.29.22:119][  0]LogWindows: EnumDisplayDevices:
[2017.06.08-20.29.22:119][  0]LogWindows:    0. 'NVIDIA GeForce GTX 970' (P:1 D:1)
[2017.06.08-20.29.22:120][  0]LogWindows:    1. 'NVIDIA GeForce GTX 970' (P:0 D:0)
[2017.06.08-20.29.22:120][  0]LogWindows:    2. 'NVIDIA GeForce GTX 970' (P:0 D:0)
[2017.06.08-20.29.22:120][  0]LogWindows:    3. 'NVIDIA GeForce GTX 970' (P:0 D:0)
[2017.06.08-20.29.22:120][  0]LogWindows:    4. 'RDPDD Chained DD' (P:0 D:0)
[2017.06.08-20.29.22:120][  0]LogWindows:    5. 'RDP Encoder Mirror Driver' (P:0 D:0)
[2017.06.08-20.29.22:120][  0]LogWindows:    6. 'RDP Reflector Display Driver' (P:0 D:0)
[2017.06.08-20.29.22:120][  0]LogWindows:    7. 'CyberLink Mirror Driver' (P:0 D:0)
[2017.06.08-20.29.22:120][  0]LogWindows: DebugString: GetVideoDriverDetailsInvalid PrimaryIsNotTheChoosenAdapter GetVideoDriverDetailsInvalid PrimaryIsNotTheChoosenAdapter GetVideoDriverDetailsInvalid PrimaryIsNotTheChoosenAdapter GetVideoDriverDetailsInvalid PrimaryIsNotTheChoosenAdapter FoundDriverCount:4 
[2017.06.08-20.29.22:120][  0]LogD3D11RHI:     Adapter Name: NVIDIA GeForce GTX 970
[2017.06.08-20.29.22:120][  0]LogD3D11RHI:   Driver Version: 373.06 (internal:21.21.13.7306, unified:373.06)
[2017.06.08-20.29.22:120][  0]LogD3D11RHI:      Driver Date: 10-1-2016
[2017.06.08-20.29.22:120][  0]LogRHI: Texture pool is 1361 MB (70% of 1945 MB)
[2017.06.08-20.29.22:127][  0]LogD3D11RHI: Async texture creation enabled
[2017.06.08-20.29.22:141][  0]LogD3D11RHI: GPU Timing Frequency: 1000.000000 (Debug: 2 2)
[2017.06.08-20.29.22:141][  0]LogShaderCompilers: Guid format shader working directory is -5 characters bigger than the processId version (../../../../../../Users/pierre/Desktop/UNREAL/TEST3/Intermediate/Shaders/WorkingDirectory/22420/).
[2017.06.08-20.29.22:141][  0]LogShaderCompilers: Cleaned the shader compiler working directory 'C:/Users/pierre/AppData/Local/Temp/UnrealShaderWorkingDir/CDF03C6C4A147CCBE38F1F881D5DD2E6/'.
[2017.06.08-20.29.22:141][  0]LogShaderCompilers:Display: Using Local Shader Compiler.
[2017.06.08-20.29.23:309][  0]LogTemp:Display: Loaded TP AllDesktopTargetPlatform
[2017.06.08-20.29.23:352][  0]LogTemp:Display: Loaded TP MacClientTargetPlatform
[2017.06.08-20.29.23:394][  0]LogTemp:Display: Loaded TP MacNoEditorTargetPlatform
[2017.06.08-20.29.23:436][  0]LogTemp:Display: Loaded TP MacServerTargetPlatform
[2017.06.08-20.29.23:480][  0]LogTemp:Display: Loaded TP MacTargetPlatform
[2017.06.08-20.29.23:524][  0]LogTemp:Display: Loaded TP WindowsClientTargetPlatform
[2017.06.08-20.29.23:568][  0]LogTemp:Display: Loaded TP WindowsNoEditorTargetPlatform
[2017.06.08-20.29.23:610][  0]LogTemp:Display: Loaded TP WindowsServerTargetPlatform
[2017.06.08-20.29.23:644][  0]LogTemp:Display: Loaded TP WindowsTargetPlatform
[2017.06.08-20.29.23:686][  0]LogTemp:Display: Loaded TP AndroidTargetPlatform
[2017.06.08-20.29.23:729][  0]LogTemp:Display: Loaded TP Android_ASTCTargetPlatform
[2017.06.08-20.29.23:772][  0]LogTemp:Display: Loaded TP Android_ATCTargetPlatform
[2017.06.08-20.29.23:815][  0]LogTemp:Display: Loaded TP Android_DXTTargetPlatform
[2017.06.08-20.29.23:857][  0]LogTemp:Display: Loaded TP Android_ETC1TargetPlatform
[2017.06.08-20.29.23:898][  0]LogTemp:Display: Loaded TP Android_ETC2TargetPlatform
[2017.06.08-20.29.23:985][  0]LogTemp:Display: Loaded TP Android_MultiTargetPlatform
[2017.06.08-20.29.23:985][  0]LogTemp:Display: Loaded TP Android_PVRTCTargetPlatform
[2017.06.08-20.29.24:011][  0]LogTemp:Display: Loaded TP HTML5TargetPlatform
[2017.06.08-20.29.24:077][  0]LogTemp:Display: Loaded TP IOSTargetPlatform
[2017.06.08-20.29.24:104][  0]LogTemp:Display: Loaded TP TVOSTargetPlatform
[2017.06.08-20.29.24:148][  0]LogTemp:Display: Loaded TP LinuxClientTargetPlatform
[2017.06.08-20.29.24:190][  0]LogTemp:Display: Loaded TP LinuxNoEditorTargetPlatform
[2017.06.08-20.29.24:232][  0]LogTemp:Display: Loaded TP LinuxServerTargetPlatform
[2017.06.08-20.29.24:274][  0]LogTemp:Display: Loaded TP LinuxTargetPlatform
[2017.06.08-20.29.24:274][  0]LogTargetPlatformManager:Display: Building Assets For Windows
[2017.06.08-20.29.24:541][  0]LogDerivedDataCache:Display: Max Cache Size: 512 MB
[2017.06.08-20.29.24:590][  0]LogDerivedDataCache: Loaded boot cache 0.05s 50MB C:/Users/pierre/AppData/Local/UnrealEngine/4.14/DerivedDataCache/Boot.ddc.
[2017.06.08-20.29.24:590][  0]LogDerivedDataCache:Display: Loaded Boot cache: C:/Users/pierre/AppData/Local/UnrealEngine/4.14/DerivedDataCache/Boot.ddc
[2017.06.08-20.29.24:590][  0]LogDerivedDataCache: FDerivedDataBackendGraph:  Pak pak cache file ../../../../../../Users/pierre/Desktop/UNREAL/TEST3/DerivedDataCache/DDC.ddp not found, will not use a pak cache.
[2017.06.08-20.29.24:590][  0]LogDerivedDataCache: Unable to find inner node Pak for hierarchical cache Hierarchy.
[2017.06.08-20.29.24:590][  0]LogDerivedDataCache: FDerivedDataBackendGraph:  CompressedPak pak cache file ../../../../../../Users/pierre/Desktop/UNREAL/TEST3/DerivedDataCache/Compressed.ddp not found, will not use a pak cache.
[2017.06.08-20.29.24:590][  0]LogDerivedDataCache: Unable to find inner node CompressedPak for hierarchical cache Hierarchy.
[2017.06.08-20.29.24:607][  0]LogDerivedDataCache:Display: Pak cache opened for reading ../../../Engine/DerivedDataCache/Compressed.ddp.
[2017.06.08-20.29.24:618][  0]LogDerivedDataCache: Using Local data cache path C:/Users/pierre/AppData/Local/UnrealEngine/Common/DerivedDataCache: Writable
[2017.06.08-20.29.24:801][  0]LogInit: Selected Device Profile: [Windows]
[2017.06.08-20.29.24:804][  0]LogContentStreaming: Texture pool size is 0.00 MB
[2017.06.08-20.29.24:982][  0]LogMeshUtilities: Using QuadricMeshReduction for automatic static mesh reduction
[2017.06.08-20.29.25:011][  0]LogSimplygon: Simplygon DLL not present - disabling.
[2017.06.08-20.29.25:042][  0]LogMeshUtilities: Using SimplygonSwarm for distributed automatic mesh merging
[2017.06.08-20.29.25:042][  0]LogMeshUtilities: No automatic skeletal mesh reduction module available
[2017.06.08-20.29.25:042][  0]LogMeshUtilities: No automatic mesh merging module available
[2017.06.08-20.29.25:458][  0]LogNetVersion: GetLocalNetworkVersion: CL: 3195953, ProjectName: machupicchu, ProjectVersion: , EngineNetworkVersion: 2, GameNetworkVersion: 0, NetworkChecksum: 513248587
[2017.06.08-20.29.25:507][  0]LogAssetRegistry: FAssetRegistry took 0.0204 seconds to start up
[2017.06.08-20.29.25:548][  0]LogPackageLocalizationCache: Processed 3 localized package path(s) for 1 prioritized culture(s) in 0.027235 seconds
[2017.06.08-20.29.25:555][  0]LogUObjectArray: 31946 objects as part of root set at end of initial load.
[2017.06.08-20.29.25:555][  0]LogUObjectAllocator: 6935840 out of 0 bytes used by permanent object pool.
[2017.06.08-20.29.25:555][  0]LogUObjectArray: CloseDisregardForGC: 0/0 objects in disregard for GC pool
[2017.06.08-20.29.25:599][  0]LogInit: WinSock: version 1.1 (2.2), MaxSocks=32767, MaxUdp=65467
[2017.06.08-20.29.26:136][  0]LogSlate: Using Freetype 2.6.0
[2017.06.08-20.29.26:137][  0]LogSlate: SlateFontCache - WITH_FREETYPE: 1, WITH_HARFBUZZ: 1
[2017.06.08-20.29.26:137][  0]LogSlate: SlateFontCache - WITH_FREETYPE: 1, WITH_HARFBUZZ: 1
[2017.06.08-20.29.26:788][  0]LogTcpMessaging: Initializing TcpMessaging bridge
[2017.06.08-20.29.26:817][  0]LogUdpMessaging: Initializing bridge on interface 0.0.0.0:0 to multicast group 230.0.0.1:6666.
[2017.06.08-20.29.27:049][  0]LogMaterial: Uniform references updated for custom material expression Custom.
[2017.06.08-20.29.27:330][  0]SourceControl: Info Source control is disabled
[2017.06.08-20.29.27:347][  0]SourceControl: Info Source control is disabled
[2017.06.08-20.29.27:378][  0]SourceControl: Info Source control is disabled
[2017.06.08-20.29.27:408][  0]SourceControl: Info Source control is disabled
[2017.06.08-20.29.28:334][  0]LogEngine: Initializing Engine...
[2017.06.08-20.29.28:334][  0]LogHMD: Failed to initialize OpenVR with code 110
[2017.06.08-20.29.28:536][  0]LogAIModule: Creating AISystem for world Untitled
[2017.06.08-20.29.28:545][  0]LogInit: XAudio2 using 'SONY TV-4 (NVIDIA High Definition Audio)' : 2 channels at 48 kHz using 16 bits per sample (channel mask 0x3)
[2017.06.08-20.29.28:565][  0]LogInit: FAudioDevice initialized.
[2017.06.08-20.29.28:587][  0]LogDerivedDataCache: Saved boot cache 0.02s 50MB C:/Users/pierre/AppData/Local/UnrealEngine/4.14/DerivedDataCache/Boot.ddc.
[2017.06.08-20.29.28:591][  0]LogInit: Texture streaming: Enabled
[2017.06.08-20.29.28:717][  0]LogInit: Transaction tracking system initialized
[2017.06.08-20.29.28:982][  0]BlueprintLog: New page: Editor Load
[2017.06.08-20.29.29:613][  0]LocalizationService: Info Localization service is disabled
[2017.06.08-20.29.30:245][  0]LogConsoleResponse:Display: 
[2017.06.08-20.29.30:474][  0]LogCook:Display: Max memory allowance for cook 16384mb min free memory 0mb
[2017.06.08-20.29.30:474][  0]LogCook:Display: Mobile HDR setting 1
[2017.06.08-20.29.31:282][  0]LogFileCache: Scanning file cache for directory 'C:/Users/pierre/Desktop/UNREAL/TEST3/Content/' took 0.03s
[2017.06.08-20.29.31:380][  0]SourceControl: Info Source control is disabled
[2017.06.08-20.29.31:380][  0]Cmd: MAP LOAD FILE="../../../Engine/Content/Maps/Templates/Template_Default.umap" TEMPLATE=1 SHOWPROGRESS=1 FEATURELEVEL=3
[2017.06.08-20.29.31:380][  0]LightingResults: New page: Lighting Build
[2017.06.08-20.29.31:475][  0]MapCheck: New page: Map Check
[2017.06.08-20.29.31:475][  0]LightingResults: New page: Lighting Build
[2017.06.08-20.29.31:621][  0]LogAIModule: Creating AISystem for world Untitled_1
[2017.06.08-20.29.31:622][  0]LogActorComponent: RegisterComponentWithWorld: (/Temp/Untitled_1.Untitled_1:PersistentLevel.WorldSettings_1.StaticMeshComponent0) Trying to register component with IsPendingKill() == true. Aborting.
[2017.06.08-20.29.31:625][  0]LogEditorServer: Finished looking for orphan Actors (0.000 secs)
[2017.06.08-20.29.31:629][  0]Cmd: MAP CHECKDEP NOCLEARLOG
[2017.06.08-20.29.31:957][  0]MapCheck: Info Map check complete: 0 Error(s), 0 Warning(s), took 328.096ms to complete.
[2017.06.08-20.29.31:957][  0]LogFileHelpers: Loading map 'Template_Default' took 0.578
[2017.06.08-20.29.32:246][  0]LogCollectionManager: Loaded 0 collections in 0.001318 seconds
[2017.06.08-20.29.32:399][  0]LogFileCache: Scanning file cache for directory 'C:/Users/pierre/Desktop/UNREAL/TEST3/Saved/Collections/' took 0.01s
[2017.06.08-20.29.32:399][  0]LogFileCache: Scanning file cache for directory 'C:/Users/pierre/Desktop/UNREAL/TEST3/Content/Developers/pierre/Collections/' took 0.02s
[2017.06.08-20.29.32:399][  0]LogFileCache: Scanning file cache for directory 'C:/Users/pierre/Desktop/UNREAL/TEST3/Content/Collections/' took 0.01s
[2017.06.08-20.29.32:399][  0]LogCollectionManager: Rebuilt the GUID cache for 0 collections in 0.000001 seconds
[2017.06.08-20.29.32:408][  0]LogContentBrowser: Native class hierarchy populated in 0.0086 seconds. Added 2190 classes and 428 folders.
[2017.06.08-20.29.32:501][  0]LogStats: UGameplayTagsManager::ConstructGameplayTagTree: Construct from data asset -  0.000 s
[2017.06.08-20.29.32:501][  0]LogStats: UGameplayTagsManager::ConstructGameplayTagTree: GameplayTagTreeChangedEvent.Broadcast -  0.000 s
[2017.06.08-20.29.32:501][  0]LogContentBrowser: Native class hierarchy updated for 'GameplayTags' in 0.0005 seconds. Added 13 classes and 0 folders.
[2017.06.08-20.29.32:673][  0]LogContentBrowser: Native class hierarchy updated for 'WidgetCarousel' in 0.0004 seconds. Added 0 classes and 0 folders.
[2017.06.08-20.29.32:704][  0]LogContentBrowser: Native class hierarchy updated for 'AddContentDialog' in 0.0004 seconds. Added 0 classes and 0 folders.
[2017.06.08-20.29.32:801][  0]LogContentBrowser: Native class hierarchy updated for 'SceneOutliner' in 0.0004 seconds. Added 1 classes and 2 folders.
[2017.06.08-20.29.32:867][  0]LogCrashTracker: Crashtracker disabled due to settings.
[2017.06.08-20.29.32:872][  0]LogUObjectGlobals:Warning: Failed to find object 'Class None.'
[2017.06.08-20.29.32:924][  0]LogContentBrowser: Native class hierarchy updated for 'HierarchicalLODOutliner' in 0.0007 seconds. Added 1 classes and 2 folders.
[2017.06.08-20.29.32:924][  0]LogLoad: (Engine Initialization) Total time: 12.53 seconds
[2017.06.08-20.29.32:924][  0]LogLoad: (Engine Initialization) Total Blueprint compile time: 0.08 seconds
[2017.06.08-20.29.32:924][  0]LogExternalProfiler: No external profilers were discovered.  External profiling features will not be available.
[2017.06.08-20.29.32:935][  0]LogOcInput: OculusInput pre-init called
[2017.06.08-20.29.32:952][  0]LogAssetRegistry: Asset discovery search completed in 7.4651 seconds
[2017.06.08-20.29.32:952][  0]LogCollectionManager: Rebuilt the object cache for 0 collections in 0.000000 seconds (found 0 objects)
[2017.06.08-20.29.32:952][  0]LogCollectionManager: Fixed up redirectors for 0 collections in 0.000014 seconds (updated 0 objects)
[2017.06.08-20.29.32:955][  0]LogContentStreaming: Texture pool size now 1000 MB
[2017.06.08-20.29.33:265][  0]LogRenderer: Reallocating scene render targets to support 1208x576 NumSamples 1 (Frame:2).
[2017.06.08-20.30.00:889][797]LogActorFactory: Actor Factory created Cylinder
[2017.06.08-20.30.08:766][620]SourceControl: Info On branch master
[2017.06.08-20.30.08:766][620]SourceControl: Info Changes not staged for commit:
[2017.06.08-20.30.08:766][620]SourceControl: Info   (use "git add <file>..." to update what will be committed)
[2017.06.08-20.30.08:766][620]SourceControl: Info   (use "git checkout -- <file>..." to discard changes in working directory)
[2017.06.08-20.30.08:766][620]SourceControl: Info 	modified:   Intermediate/AssetRegistryCache/2657c409.bin
[2017.06.08-20.30.08:766][620]SourceControl: Info 	modified:   Intermediate/AssetRegistryCache/866581fd.bin
[2017.06.08-20.30.08:766][620]SourceControl: Info 	modified:   Intermediate/AssetRegistryCache/8c0e1344.bin
[2017.06.08-20.30.08:766][620]SourceControl: Info 	modified:   Intermediate/CachedAssetRegistry.bin
[2017.06.08-20.30.08:766][620]SourceControl: Info 	modified:   Intermediate/Config/CoalescedSourceConfigs/DeviceProfiles.ini
[2017.06.08-20.30.08:766][620]SourceControl: Info 	modified:   Intermediate/Config/CoalescedSourceConfigs/Editor.ini
[2017.06.08-20.30.08:766][620]SourceControl: Info 	modified:   Intermediate/Config/CoalescedSourceConfigs/EditorPerProjectUserSettings.ini
[2017.06.08-20.30.08:766][620]SourceControl: Info 	modified:   Intermediate/Config/CoalescedSourceConfigs/EditorSettings.ini
[2017.06.08-20.30.08:766][620]SourceControl: Info 	modified:   Intermediate/Config/CoalescedSourceConfigs/Engine.ini
[2017.06.08-20.30.08:766][620]SourceControl: Info 	modified:   Intermediate/Config/CoalescedSourceConfigs/Hardware.ini
[2017.06.08-20.30.08:766][620]SourceControl: Info 	modified:   Intermediate/Config/CoalescedSourceConfigs/Input.ini
[2017.06.08-20.30.08:766][620]SourceControl: Info 	modified:   Intermediate/Config/CoalescedSourceConfigs/Lightmass.ini
[2017.06.08-20.30.08:766][620]SourceControl: Info 	modified:   MachuPicchu.uproject
[2017.06.08-20.30.08:766][620]SourceControl: Info 	modified:   Saved/Config/Windows/EditorPerProjectUserSettings.ini
[2017.06.08-20.30.08:766][620]SourceControl: Info 	modified:   Saved/Config/Windows/Engine.ini
[2017.06.08-20.30.08:766][620]SourceControl: Info 	modified:   Saved/Logs/MachuPicchu.log
[2017.06.08-20.30.08:766][620]SourceControl: Info no changes added to commit (use "git add" and/or "git commit -a")
[2017.06.08-20.30.31:268][ 25]SourceControl: Info fatal: C:/Program Files/Epic Games/UE_4.14/Engine/Content/: 'C:/Program Files/Epic Games/UE_4.14/Engine/Content/' is outside repository
[2017.06.08-20.30.31:340][ 25]LogPackageName:Error: Illegal call to DoesPackageExist: '../../../../../../Users/pierre/Desktop/UNREAL/TEST3/MachuPicchu.uproject' is not a standard unreal filename or a long path name. Reason: Path should be no less than 4 characters long.
[2017.06.08-20.30.31:348][ 25]LogStats: FPlatformStackWalk::StackWalkAndDump -  0.007 s
[2017.06.08-20.30.31:348][ 25]LogOutputDevice:Error: === Handled ensure: ===
[2017.06.08-20.30.31:348][ 25]LogOutputDevice:Error: 
[2017.06.08-20.30.31:348][ 25]LogOutputDevice:Error: Ensure condition failed: false [File:D:\Build\++UE4+Release-4.14+Compile\Sync\Engine\Source\Runtime\CoreUObject\Private\Misc\PackageName.cpp] [Line: 624]
[2017.06.08-20.30.31:348][ 25]LogOutputDevice:Error: Illegal call to DoesPackageExist: '../../../../../../Users/pierre/Desktop/UNREAL/TEST3/MachuPicchu.uproject' is not a standard unreal filename or a long path name. Reason: Path should be no less than 4 characters long.
[2017.06.08-20.30.31:348][ 25]LogOutputDevice:Error: Stack: 
[2017.06.08-20.30.31:348][ 25]LogOutputDevice:Error: UE4Editor-Core.dll
[2017.06.08-20.30.31:348][ 25]LogOutputDevice:Error: UE4Editor-Core.dll
[2017.06.08-20.30.31:348][ 25]LogOutputDevice:Error: UE4Editor-Core.dll
[2017.06.08-20.30.31:348][ 25]LogOutputDevice:Error: UE4Editor-CoreUObject.dll
[2017.06.08-20.30.31:348][ 25]LogOutputDevice:Error: UE4Editor-SourceControl.dll
[2017.06.08-20.30.31:348][ 25]LogOutputDevice:Error: UE4Editor-SourceControl.dll
[2017.06.08-20.30.31:348][ 25]LogOutputDevice:Error: UE4Editor-SourceControlWindows.dll
[2017.06.08-20.30.31:348][ 25]LogOutputDevice:Error: UE4Editor-SourceControlWindows.dll
[2017.06.08-20.30.31:348][ 25]LogOutputDevice:Error: UE4Editor-SourceControlWindows.dll
[2017.06.08-20.30.31:348][ 25]LogOutputDevice:Error: UE4Editor-SourceControlWindows.dll
[2017.06.08-20.30.31:348][ 25]LogOutputDevice:Error: UE4Editor-GitSourceControl.dll
[2017.06.08-20.30.31:348][ 25]LogOutputDevice:Error: UE4Editor-GitSourceControl.dll
[2017.06.08-20.30.31:348][ 25]LogOutputDevice:Error: UE4Editor-SourceControl.dll
[2017.06.08-20.30.31:348][ 25]LogOutputDevice:Error: UE4Editor-UnrealEd.dll
[2017.06.08-20.30.31:348][ 25]LogOutputDevice:Error: UE4Editor-UnrealEd.dll
[2017.06.08-20.30.31:348][ 25]LogOutputDevice:Error: UE4Editor.exe
[2017.06.08-20.30.31:348][ 25]LogOutputDevice:Error: UE4Editor.exe
[2017.06.08-20.30.31:348][ 25]LogOutputDevice:Error: UE4Editor.exe
[2017.06.08-20.30.31:348][ 25]LogOutputDevice:Error: UE4Editor.exe
[2017.06.08-20.30.31:348][ 25]LogOutputDevice:Error: UE4Editor.exe
[2017.06.08-20.30.31:348][ 25]LogOutputDevice:Error: kernel32.dll
[2017.06.08-20.30.31:348][ 25]LogOutputDevice:Error: ntdll.dll
[2017.06.08-20.30.31:348][ 25]LogOutputDevice:Error: 
[2017.06.08-20.30.31:351][ 25]LogStats:                SubmitErrorReport -  0.000 s
[2017.06.08-20.30.35:215][ 25]LogStats:                    SendNewReport -  3.865 s
[2017.06.08-20.30.35:215][ 25]LogStats:             FDebug::EnsureFailed -  3.875 s
[2017.06.08-20.30.40:241][164]SourceControl:Error: Error fatal: Invalid path '/Temp': No such file or directory
[2017.06.08-20.30.43:607][164]Cmd: OBJ SAVEPACKAGE PACKAGE="/Game/Maps/NewMap" FILE="../../../../../../Users/pierre/Desktop/UNREAL/TEST3/Content/Maps/NewMap.umap" SILENT=true AUTOSAVING=false KEEPDIRTY=false
[2017.06.08-20.30.43:749][164]LogSavePackage: Save=129.08ms
[2017.06.08-20.30.43:749][164]LogSavePackage: Moving '../../../../../../Users/pierre/Desktop/UNREAL/TEST3/Saved/NewMapFBAD9A7D49B5C170F88D0DB43FF3EB9D.tmp' to '../../../../../../Users/pierre/Desktop/UNREAL/TEST3/Content/Maps/NewMap.umap'
[2017.06.08-20.30.43:750][164]LogSavePackage:Display: Finished SavePackage ../../../../../../Users/pierre/Desktop/UNREAL/TEST3/Content/Maps/NewMap.umap
[2017.06.08-20.30.43:887][164]LogFileHelpers: Saving map 'NewMap' took 0.434
[2017.06.08-20.30.44:050][180]SourceControl:Error: Error fatal: Invalid path '/Temp': No such file or directory
[2017.06.08-20.30.58:057][721]SourceControl: Info fatal: C:/Program Files/Epic Games/UE_4.14/Engine/Content/: 'C:/Program Files/Epic Games/UE_4.14/Engine/Content/' is outside repository
[2017.06.08-20.31.01:345][721]Cmd: OBJ SAVEPACKAGE PACKAGE="/Game/Maps/NewMap" FILE="../../../../../../Users/pierre/Desktop/UNREAL/TEST3/Content/Maps/NewMap.umap" SILENT=true AUTOSAVING=false KEEPDIRTY=false
[2017.06.08-20.31.01:383][721]LogSavePackage: Save=25.62ms
[2017.06.08-20.31.01:383][721]LogSavePackage: Moving '../../../../../../Users/pierre/Desktop/UNREAL/TEST3/Saved/NewMap95A51E6F4E834D4B018B55B6A75781DD.tmp' to '../../../../../../Users/pierre/Desktop/UNREAL/TEST3/Content/Maps/NewMap.umap'
[2017.06.08-20.31.01:384][721]LogSavePackage:Display: Finished SavePackage ../../../../../../Users/pierre/Desktop/UNREAL/TEST3/Content/Maps/NewMap.umap
[2017.06.08-20.31.01:399][721]LogFileHelpers: Saving map 'NewMap' took 0.082
[2017.06.08-20.31.01:400][721]LogPackageName:Error: Illegal call to DoesPackageExist: '../../../../../../Users/pierre/Desktop/UNREAL/TEST3/MachuPicchu.uproject' is not a standard unreal filename or a long path name. Reason: Path should be no less than 4 characters long.
[2017.06.08-20.31.14:334][721]LogSourceControl: FGitCheckInWorker: commit successful
